0 info it worked if it ends with ok
1 verbose cli [ 'C:\\Program Files\\nodejs\\node.exe',
1 verbose cli   'C:\\Users\\luong\\AppData\\Roaming\\npm\\node_modules\\npm\\bin\\npm-cli.js',
1 verbose cli   'start' ]
2 info using npm@3.10.10
3 info using node@v10.15.3
4 verbose run-script [ 'prestart', 'start', 'poststart' ]
5 info lifecycle zendesk-backend-exercice-luong-paul@1.0.0~prestart: zendesk-backend-exercice-luong-paul@1.0.0
6 silly lifecycle zendesk-backend-exercice-luong-paul@1.0.0~prestart: no script for prestart, continuing
7 info lifecycle zendesk-backend-exercice-luong-paul@1.0.0~start: zendesk-backend-exercice-luong-paul@1.0.0
8 verbose lifecycle zendesk-backend-exercice-luong-paul@1.0.0~start: unsafe-perm in lifecycle true
9 verbose lifecycle zendesk-backend-exercice-luong-paul@1.0.0~start: PATH: C:\Users\luong\AppData\Roaming\npm\node_modules\npm\bin\node-gyp-bin;C:\Users\luong\Desktop\zendesk-backend-exercice-luong-paul\node_modules\.bin;C:\Program Files\Docker\Docker\Resources\bin;C:\Program Files (x86)\Intel\iCLS Client\;C:\Program Files\Intel\iCLS Client\;C:\Windows\system32;C:\Windows;C:\Windows\System32\Wbem;C:\Windows\System32\WindowsPowerShell\v1.0\;C:\Program Files (x86)\Intel\Intel(R) Management Engine Components\DAL;C:\Program Files\Intel\Intel(R) Management Engine Components\DAL;C:\Program Files (x86)\Intel\Intel(R) Management Engine Components\IPT;C:\Program Files\Intel\Intel(R) Management Engine Components\IPT;C:\Program Files (x86)\NVIDIA Corporation\PhysX\Common;C:\Program Files\Git\cmd;C:\Program Files\Sublime Text 3;C:\Program Files\MySQL\MySQL Utilities 1.6\;C:\WINDOWS\system32;C:\WINDOWS;C:\WINDOWS\System32\Wbem;C:\WINDOWS\System32\WindowsPowerShell\v1.0\;C:\Program Files (x86)\Gpg4win\..\GnuPG\bin;C:\WINDOWS\System32\OpenSSH\;C:\Program Files\nodejs\;C:\Users\luong\AppData\Local\Programs\Python\Python35-32\Scripts\;C:\Users\luong\AppData\Local\Programs\Python\Python35-32\;C:\Users\luong\AppData\Local\Microsoft\WindowsApps;C:\Users\luong\AppData\Roaming\npm;C:\Program Files\JetBrains\JetBrains Rider 2019.1.1\bin;
10 verbose lifecycle zendesk-backend-exercice-luong-paul@1.0.0~start: CWD: C:\Users\luong\Desktop\zendesk-backend-exercice-luong-paul
11 silly lifecycle zendesk-backend-exercice-luong-paul@1.0.0~start: Args: [ '/d /s /c', ' node app.js' ]
12 silly lifecycle zendesk-backend-exercice-luong-paul@1.0.0~start: Returned: code: 1  signal: null
13 info lifecycle zendesk-backend-exercice-luong-paul@1.0.0~start: Failed to exec start script
14 verbose stack Error: zendesk-backend-exercice-luong-paul@1.0.0 start: ` node app.js`
14 verbose stack Exit status 1
14 verbose stack     at EventEmitter.<anonymous> (C:\Users\luong\AppData\Roaming\npm\node_modules\npm\lib\utils\lifecycle.js:255:16)
14 verbose stack     at EventEmitter.emit (events.js:189:13)
14 verbose stack     at ChildProcess.<anonymous> (C:\Users\luong\AppData\Roaming\npm\node_modules\npm\lib\utils\spawn.js:40:14)
14 verbose stack     at ChildProcess.emit (events.js:189:13)
14 verbose stack     at maybeClose (internal/child_process.js:970:16)
14 verbose stack     at Process.ChildProcess._handle.onexit (internal/child_process.js:259:5)
15 verbose pkgid zendesk-backend-exercice-luong-paul@1.0.0
16 verbose cwd C:\Users\luong\Desktop\zendesk-backend-exercice-luong-paul
17 error Windows_NT 10.0.17134
18 error argv "C:\\Program Files\\nodejs\\node.exe" "C:\\Users\\luong\\AppData\\Roaming\\npm\\node_modules\\npm\\bin\\npm-cli.js" "start"
19 error node v10.15.3
20 error npm  v3.10.10
21 error code ELIFECYCLE
22 error zendesk-backend-exercice-luong-paul@1.0.0 start: ` node app.js`
22 error Exit status 1
23 error Failed at the zendesk-backend-exercice-luong-paul@1.0.0 start script ' node app.js'.
23 error Make sure you have the latest version of node.js and npm installed.
23 error If you do, this is most likely a problem with the zendesk-backend-exercice-luong-paul package,
23 error not with npm itself.
23 error Tell the author that this fails on your system:
23 error      node app.js
23 error You can get information on how to open an issue for this project with:
23 error     npm bugs zendesk-backend-exercice-luong-paul
23 error Or if that isn't available, you can get their info via:
23 error     npm owner ls zendesk-backend-exercice-luong-paul
23 error There is likely additional logging output above.
24 verbose exit [ 1, true ]
